<?xml version="1.0" encoding="UTF-8"?>
<!-- Generated by org.testng.reporters.JUnitReportReporter -->
<testsuite hostname="LapWinX-DAC51" name="Test.te" tests="1" failures="0" timestamp="5 Mar 2020 19:17:45 GMT" time="0.007" errors="0">
  <testcase name="verifyHomepageTitle" time="0.007" classname="Test.te"/>
</testsuite> <!-- Test.te -->
