<?xml version="1.0" encoding="UTF-8"?>
<!-- Generated by org.testng.reporters.JUnitReportReporter -->
<testsuite hostname="LapWinX-DAC51" name="com.wordpress.Testcases.VerifyValidLogin" tests="1" failures="0" timestamp="5 Mar 2020 19:54:05 GMT" time="22.163" errors="0">
  <testcase name="checkValidUser" time="22.163" classname="com.wordpress.Testcases.VerifyValidLogin"/>
</testsuite> <!-- com.wordpress.Testcases.VerifyValidLogin -->
