<?xml version="1.0" encoding="UTF-8"?>
<!-- Generated by org.testng.reporters.JUnitReportReporter -->
<testsuite hostname="LapWinX-DAC51" name="ExtentReport.ExtentReportDemo" tests="1" failures="0" timestamp="5 Mar 2020 20:08:54 GMT" time="1.336" errors="0">
  <testcase name="loginTest" time="1.336" classname="ExtentReport.ExtentReportDemo"/>
</testsuite> <!-- ExtentReport.ExtentReportDemo -->
