<?xml version="1.0" encoding="UTF-8"?>
<!-- Generated by org.testng.reporters.JUnitReportReporter -->
<testsuite hostname="LapWinX-DAC51" name="ExtentReport.ExtentReportDemo" tests="1" failures="0" timestamp="7 Mar 2020 13:29:16 GMT" time="1.006" errors="0">
  <testcase name="loginTest" time="1.006" classname="ExtentReport.ExtentReportDemo"/>
</testsuite> <!-- ExtentReport.ExtentReportDemo -->
