<?xml version="1.0" encoding="UTF-8"?>
<!-- Generated by org.testng.reporters.JUnitReportReporter -->
<testsuite hostname="LapWinX-DAC51" name="com.wordpress.Pages.VerifyWordpressLogin" tests="1" failures="0" timestamp="5 Mar 2020 19:44:17 GMT" time="17.715" errors="0">
  <testcase name="verifyValidLogin" time="17.715" classname="com.wordpress.Pages.VerifyWordpressLogin"/>
</testsuite> <!-- com.wordpress.Pages.VerifyWordpressLogin -->
